[debug] [2021-03-01T12:46:18.662Z] ----------------------------------------------------------------------
[debug] [2021-03-01T12:46:18.665Z] Command:       C:\Program Files\nodejs\node.exe C:\Users\Ammuuu\AppData\Roaming\npm\node_modules\firebase-tools\lib\bin\firebase.js deploy
[debug] [2021-03-01T12:46:18.666Z] CLI Version:   8.11.2
[debug] [2021-03-01T12:46:18.666Z] Platform:      win32
[debug] [2021-03-01T12:46:18.666Z] Node Version:  v12.14.1
[debug] [2021-03-01T12:46:18.668Z] Time:          Mon Mar 01 2021 18:16:18 GMT+0530 (India Standard Time)
[debug] [2021-03-01T12:46:18.668Z] ----------------------------------------------------------------------
[debug] [2021-03-01T12:46:18.668Z] 
[debug] [2021-03-01T12:46:18.681Z] > command requires scopes: ["email","openid","https://www.googleapis.com/auth/cloudplatformprojects.readonly","https://www.googleapis.com/auth/firebase","https://www.googleapis.com/auth/cloud-platform"]
[debug] [2021-03-01T12:46:18.682Z] > authorizing via signed-in user
[debug] [2021-03-01T12:46:18.683Z] [iam] checking project maqbool-jumuah-registration for permissions ["firebase.projects.get","firebasehosting.sites.update"]
[debug] [2021-03-01T12:46:18.687Z] >>> HTTP REQUEST POST https://cloudresourcemanager.googleapis.com/v1/projects/maqbool-jumuah-registration:testIamPermissions  
 {"permissions":["firebase.projects.get","firebasehosting.sites.update"]}
[debug] [2021-03-01T12:46:20.594Z] <<< HTTP RESPONSE 200 {"content-type":"application/json; charset=UTF-8","vary":"X-Origin, Referer, Origin,Accept-Encoding","date":"Mon, 01 Mar 2021 12:46:21 GMT","server":"ESF","cache-control":"private","x-xss-protection":"0","x-frame-options":"SAMEORIGIN","x-content-type-options":"nosniff","server-timing":"gfet4t7; dur=1327","alt-svc":"h3-29=\":443\"; ma=2592000,h3-T051=\":443\"; ma=2592000,h3-Q050=\":443\"; ma=2592000,h3-Q046=\":443\"; ma=2592000,h3-Q043=\":443\"; ma=2592000,quic=\":443\"; ma=2592000; v=\"46,43\"","accept-ranges":"none","transfer-encoding":"chunked"}
[debug] [2021-03-01T12:46:20.600Z] >>> HTTP REQUEST GET https://firebase.googleapis.com/v1beta1/projects/maqbool-jumuah-registration  
 
[debug] [2021-03-01T12:46:21.085Z] <<< HTTP RESPONSE 200 {"content-type":"application/json; charset=UTF-8","vary":"X-Origin, Referer, Origin,Accept-Encoding","date":"Mon, 01 Mar 2021 12:46:22 GMT","server":"ESF","cache-control":"private","x-xss-protection":"0","x-frame-options":"SAMEORIGIN","x-content-type-options":"nosniff","alt-svc":"h3-29=\":443\"; ma=2592000,h3-T051=\":443\"; ma=2592000,h3-Q050=\":443\"; ma=2592000,h3-Q046=\":443\"; ma=2592000,h3-Q043=\":443\"; ma=2592000,quic=\":443\"; ma=2592000; v=\"46,43\"","accept-ranges":"none","transfer-encoding":"chunked"}
[debug] [2021-03-01T12:46:21.088Z] [WARNING] Unable to fetch default resources. Falling back to project id (maqbool-jumuah-registration)
[info] 
[info] === Deploying to 'maqbool-jumuah-registration'...
[info] 
[info] i  deploying hosting 
[debug] [2021-03-01T12:46:21.136Z] >>> HTTP REQUEST POST https://firebasehosting.googleapis.com/v1beta1/sites/maqbool-jumuah-registration/versions  
 {"config":{"rewrites":[{"glob":"**","path":"/index.html"}]},"labels":{"deployment-tool":"cli-firebase"}}
[debug] [2021-03-01T12:46:23.286Z] <<< HTTP RESPONSE 200 {"content-type":"application/json; charset=UTF-8","vary":"X-Origin, Referer, Origin,Accept-Encoding","date":"Mon, 01 Mar 2021 12:46:24 GMT","server":"ESF","cache-control":"private","x-xss-protection":"0","x-frame-options":"SAMEORIGIN","x-content-type-options":"nosniff","alt-svc":"h3-29=\":443\"; ma=2592000,h3-T051=\":443\"; ma=2592000,h3-Q050=\":443\"; ma=2592000,h3-Q046=\":443\"; ma=2592000,h3-Q043=\":443\"; ma=2592000,quic=\":443\"; ma=2592000; v=\"46,43\"","accept-ranges":"none","transfer-encoding":"chunked"}
[info] i  hosting[maqbool-jumuah-registration]: beginning deploy... 
[info] i  hosting[maqbool-jumuah-registration]: found 15 files in build 
